<?xml version="1.0" encoding="UTF-8"?>
<testsuite xmlns:xsi="http://www.w3.org/2001/XMLSchema-instance" xsi:noNamespaceSchemaLocation="https://maven.apache.org/surefire/maven-surefire-plugin/xsd/surefire-test-report-3.0.xsd" version="3.0" name="com.project.vn.dao.ContractDAOTest" time="0.837" tests="5" errors="0" skipped="0" failures="0">
  <properties>
[...]
</properties>
  <testcase name="testAdd" classname="com.project.vn.dao.ContractDAOTest" time="0.719">
    <system-out><![CDATA[Kết nối MY SQL thành công
]]></system-out>
  </testcase>
  <testcase name="testDelete" classname="com.project.vn.dao.ContractDAOTest" time="0.021">
    <system-out><![CDATA[Kết nối MY SQL thành công
]]></system-out>
  </testcase>
  <testcase name="testGetAll" classname="com.project.vn.dao.ContractDAOTest" time="0.038">
    <system-out><![CDATA[Kết nối MY SQL thành công
]]></system-out>
  </testcase>
  <testcase name="testUpdate" classname="com.project.vn.dao.ContractDAOTest" time="0.022">
    <system-out><![CDATA[Kết nối MY SQL thành công
]]></system-out>
  </testcase>
  <testcase name="testGetInstance" classname="com.project.vn.dao.ContractDAOTest" time="0.002"/>
</testsuite>